TN:
SF:src/lib/constants.js
FNF:0
FNH:0
DA:4,1
DA:6,1
DA:8,1
DA:12,1
DA:16,1
DA:18,1
DA:28,1
DA:40,1
DA:42,1
LF:9
LH:9
BRF:0
BRH:0
end_of_record
TN:
SF:src/lib/flags.js
FN:54,getFlag
FN:59,getStageColor
FN:72,getStageBorderColor
FN:85,getStageName
FN:98,formatIDT
FN:108,formatDateIDT
FN:118,formatShortDateIDT
FNF:7
FNH:7
FNDA:12,getFlag
FNDA:16,getStageColor
FNDA:16,getStageBorderColor
FNDA:8,getStageName
FNDA:3,formatIDT
FNDA:2,formatDateIDT
FNDA:2,formatShortDateIDT
DA:2,1
DA:55,12
DA:56,9
DA:60,16
DA:69,16
DA:73,16
DA:82,16
DA:86,8
DA:95,8
DA:99,3
DA:100,3
DA:109,2
DA:110,2
DA:119,2
DA:120,2
DA:128,1
LF:16
LH:16
BRDA:55,0,0,3
BRDA:55,0,1,9
BRDA:56,1,0,9
BRDA:56,1,1,1
BRDA:69,2,0,16
BRDA:69,2,1,1
BRDA:82,3,0,16
BRDA:82,3,1,1
BRDA:95,4,0,8
BRDA:95,4,1,1
BRF:10
BRH:10
end_of_record
TN:
SF:src/lib/matchData.js
FN:4,parseTime
FN:23,getMatchday
FNF:2
FNH:0
FNDA:0,parseTime
FNDA:0,getMatchday
DA:6,0
DA:7,0
DA:8,0
DA:9,0
DA:10,0
DA:12,0
DA:13,0
DA:16,0
DA:17,0
DA:20,0
DA:24,0
DA:25,0
DA:26,0
DA:27,0
DA:28,0
DA:31,1
LF:16
LH:1
BRDA:9,0,0,0
BRDA:9,0,1,0
BRDA:16,1,0,0
BRDA:16,1,1,0
BRDA:25,2,0,0
BRDA:25,2,1,0
BRDA:25,3,0,0
BRDA:25,3,1,0
BRDA:26,4,0,0
BRDA:26,4,1,0
BRDA:26,5,0,0
BRDA:26,5,1,0
BRDA:27,6,0,0
BRDA:27,6,1,0
BRDA:27,7,0,0
BRDA:27,7,1,0
BRF:16
BRH:0
end_of_record
TN:
SF:src/lib/predictions.js
FN:13,getPredictionState
FN:25,getMaxPoints
FN:29,deriveResult
FNF:3
FNH:3
FNDA:10,getPredictionState
FNDA:7,getMaxPoints
FNDA:6,deriveResult
DA:3,1
DA:7,1
DA:11,1
DA:14,10
DA:15,10
DA:17,10
DA:18,8
DA:19,6
DA:21,4
DA:22,2
DA:26,7
DA:30,6
DA:31,4
DA:32,2
DA:35,1
LF:15
LH:15
BRDA:17,0,0,2
BRDA:17,0,1,8
BRDA:18,1,0,2
BRDA:18,1,1,6
BRDA:18,2,0,1
BRDA:18,2,1,1
BRDA:19,3,0,2
BRDA:19,3,1,4
BRDA:19,4,0,1
BRDA:19,4,1,1
BRDA:21,5,0,2
BRDA:21,5,1,2
BRDA:21,6,0,4
BRDA:21,6,1,3
BRDA:26,7,0,7
BRDA:26,7,1,1
BRDA:30,8,0,2
BRDA:30,8,1,4
BRDA:31,9,0,2
BRDA:31,9,1,2
BRF:20
BRH:20
end_of_record
TN:
SF:src/lib/query-client.js
FNF:0
FNH:0
DA:4,0
LF:1
LH:0
BRF:0
BRH:0
end_of_record
TN:
SF:src/lib/utils.js
FN:4,cn
FNF:1
FNH:0
FNDA:0,cn
DA:5,0
DA:9,0
LF:2
LH:0
BRF:0
BRH:0
end_of_record
